<?xml version="1.0" encoding="utf-8"?><testsuites name="pytest tests"><testsuite name="pytest" errors="0" failures="0" skipped="0" tests="57" time="83.576" timestamp="2026-05-21T12:55:57.794198+00:00" hostname="agent-env-ee76dea6-180f-4180-b802-1f9abbcfd0db"><testcase classname="tests.test_sf01_v2_days123.TestDay1VoiceWeightLocked" name="test_weights_voice_is_030" time="0.435" /><testcase classname="tests.test_sf01_v2_days123.TestDay1VoiceWeightLocked" name="test_weights_sum_to_one" time="0.000" /><testcase classname="tests.test_sf01_v2_days123.TestDay1VoiceWeightLocked" name="test_weights_fall_is_035" time="0.000" /><testcase classname="tests.test_sf01_v2_days123.TestDay1VoiceWeightLocked" name="test_weights_route_is_015" time="0.000" /><testcase classname="tests.test_sf01_v2_days123.TestDay1VoiceWeightLocked" name="test_weights_wander_is_010" time="0.000" /><testcase classname="tests.test_sf01_v2_days123.TestDay1VoiceWeightLocked" name="test_weights_pickup_is_010" time="0.000" /><testcase classname="tests.test_sf01_v2_days123.TestSignalsMotionAuth" name="test_requires_auth_401_without_token" time="7.130" /><testcase classname="tests.test_sf01_v2_days123.TestSignalsMotionAuth" name="test_requires_auth_403_with_invalid_token" time="0.124" /><testcase classname="tests.test_sf01_v2_days123.TestSignalsMotionHappyPath" name="test_happy_path_returns_200" time="9.377" /><testcase classname="tests.test_sf01_v2_days123.TestSignalsMotionHappyPath" name="test_response_has_composite_score" time="4.127" /><testcase classname="tests.test_sf01_v2_days123.TestSignalsMotionHappyPath" name="test_response_has_risk_level" time="4.034" /><testcase classname="tests.test_sf01_v2_days123.TestSignalsMotionHappyPath" name="test_response_has_primary_event" time="3.955" /><testcase classname="tests.test_sf01_v2_days123.TestSignalsMotionHappyPath" name="test_response_has_signal_weights" time="3.825" /><testcase classname="tests.test_sf01_v2_days123.TestSignalsMotionHappyPath" name="test_response_has_env_hazard_match" time="3.874" /><testcase classname="tests.test_sf01_v2_days123.TestSignalsMotionHappyPath" name="test_response_has_alert_fired" time="3.773" /><testcase classname="tests.test_sf01_v2_days123.TestSignalsMotionHappyPath" name="test_response_has_pre_mult_score" time="3.929" /><testcase classname="tests.test_sf01_v2_days123.TestSignalsMotionImpersonation" name="test_admin_can_push_for_arbitrary_user_id" time="2.727" /><testcase classname="tests.test_sf01_v2_days123.TestSignalsMotionImpersonation" name="test_operator_can_push_for_arbitrary_user_id" time="5.397" /><testcase classname="tests.test_sf01_v2_days123.TestEnvHazardsAuth" name="test_requires_auth_401_without_token" time="0.133" /><testcase classname="tests.test_sf01_v2_days123.TestEnvHazardsValidation" name="test_rejects_out_of_range_lat_positive" time="1.417" /><testcase classname="tests.test_sf01_v2_days123.TestEnvHazardsValidation" name="test_rejects_out_of_range_lat_negative" time="1.413" /><testcase classname="tests.test_sf01_v2_days123.TestEnvHazardsValidation" name="test_rejects_out_of_range_lng_positive" time="1.441" /><testcase classname="tests.test_sf01_v2_days123.TestEnvHazardsValidation" name="test_rejects_out_of_range_lng_negative" time="1.444" /><testcase classname="tests.test_sf01_v2_days123.TestEnvHazardsStateResolution" name="test_uttarakhand_state_resolution" time="1.900" /><testcase classname="tests.test_sf01_v2_days123.TestEnvHazardsStateResolution" name="test_kerala_state_resolution" time="1.901" /><testcase classname="tests.test_sf01_v2_days123.TestEnvHazardsStateResolution" name="test_response_has_matched_field" time="1.858" /><testcase classname="tests.test_sf01_v2_days123.TestEnvHazardsStateResolution" name="test_response_has_multiplier_field" time="1.941" /><testcase classname="tests.test_sf01_v2_days123.TestSachetStateBbox" name="test_state_bbox_has_13_entries" time="0.052" /><testcase classname="tests.test_sf01_v2_days123.TestSachetStateBbox" name="test_state_bbox_has_original_8_states" time="0.000" /><testcase classname="tests.test_sf01_v2_days123.TestSachetStateBbox" name="test_state_bbox_has_5_himalayan_states" time="0.000" /><testcase classname="tests.test_sf01_v2_days123.TestSachetResolveStateHimalayanCities" name="test_dehradun_resolves_to_uttarakhand" time="0.000" /><testcase classname="tests.test_sf01_v2_days123.TestSachetResolveStateHimalayanCities" name="test_shimla_resolves_to_himachal_pradesh" time="0.000" /><testcase classname="tests.test_sf01_v2_days123.TestSachetResolveStateHimalayanCities" name="test_gangtok_resolves_to_sikkim" time="0.000" /><testcase classname="tests.test_sf01_v2_days123.TestDay3Constants" name="test_alert_threshold_is_065" time="0.000" /><testcase classname="tests.test_sf01_v2_days123.TestDay3Constants" name="test_env_hazard_multiplier_in_safety_brain" time="0.000" /><testcase classname="tests.test_sf01_v2_days123.TestDay3Constants" name="test_env_hazard_multiplier_in_env_hazard_matcher" time="0.000" /><testcase classname="tests.test_sf01_v2_days123.TestDay3Constants" name="test_env_hazard_multiplier_locked_equal" time="0.000" /><testcase classname="tests.test_sf01_v2_days123.TestWeatherRedFlagThresholds" name="test_weather_red_flag_wind_kmh" time="0.000" /><testcase classname="tests.test_sf01_v2_days123.TestWeatherRedFlagThresholds" name="test_weather_red_flag_rain_mm_3h" time="0.000" /><testcase classname="tests.test_sf01_v2_days123.TestWeatherRedFlagThresholds" name="test_weather_red_flag_temp_c_high" time="0.000" /><testcase classname="tests.test_sf01_v2_days123.TestWeatherRedFlagThresholds" name="test_weather_red_flag_temp_c_low" time="0.000" /><testcase classname="tests.test_sf01_v2_days123.TestMatchEnvHazardsNullHandling" name="test_null_lat_lng_returns_safe_defaults" time="0.001" /><testcase classname="tests.test_sf01_v2_days123.TestMatchEnvHazardsNullHandling" name="test_null_lat_only_returns_safe_defaults" time="0.001" /><testcase classname="tests.test_sf01_v2_days123.TestMatchEnvHazardsNullHandling" name="test_null_lng_only_returns_safe_defaults" time="0.000" /><testcase classname="tests.test_sf01_v2_days123.TestWeatherRedFlagMatching" name="test_wind_red_flag_triggers" time="0.000" /><testcase classname="tests.test_sf01_v2_days123.TestWeatherRedFlagMatching" name="test_rain_red_flag_triggers" time="0.000" /><testcase classname="tests.test_sf01_v2_days123.TestWeatherRedFlagMatching" name="test_heatwave_red_flag_triggers" time="0.000" /><testcase classname="tests.test_sf01_v2_days123.TestWeatherRedFlagMatching" name="test_coldwave_red_flag_triggers" time="0.000" /><testcase classname="tests.test_sf01_v2_days123.TestWeatherRedFlagMatching" name="test_no_red_flag_for_normal_weather" time="0.000" /><testcase classname="tests.test_sf01_v2_days123.TestWeatherRedFlagMatching" name="test_none_weather_returns_none" time="0.000" /><testcase classname="tests.test_sf01_v2_days123.TestMotionFeaturesRegression" name="test_motion_features_requires_auth" time="0.113" /><testcase classname="tests.test_sf01_v2_days123.TestMotionFeaturesRegression" name="test_motion_features_happy_path" time="3.295" /><testcase classname="tests.test_sf01_v2_days123.TestCommandCenterRegression" name="test_command_center_includes_motion_telemetry" time="9.378" /><testcase classname="tests.test_sf01_v2_days123.TestTrustBadgeRegression" name="test_trust_badge_endpoint_responds" time="4.098" /><testcase classname="tests.test_sf01_v2_days123.TestTrustBadgeRegression" name="test_trust_badge_has_level" time="0.356" /><testcase classname="tests.test_sf01_v2_days123.TestSwallowAuditRatchet" name="test_unresolved_debt_is_1" time="0.002" /><testcase classname="tests.test_sf01_v2_days123.TestSwallowAuditRatchet" name="test_compensating_action_exists_count" time="0.000" /></testsuite></testsuites>