<?xml version="1.0" encoding="utf-8"?><testsuites name="pytest tests"><testsuite name="pytest" errors="0" failures="0" skipped="0" tests="35" time="41.501" timestamp="2026-05-13T08:42:36.046946+00:00" hostname="agent-env-ee76dea6-180f-4180-b802-1f9abbcfd0db"><testcase classname="tests.test_behavioral_twin" name="test_taxonomy_is_exactly_5_values" time="0.000" /><testcase classname="tests.test_behavioral_twin" name="test_classify_from_z_threshold_boundaries" time="0.000" /><testcase classname="tests.test_behavioral_twin" name="test_severity_rank_orders_classes" time="0.000" /><testcase classname="tests.test_behavioral_twin" name="test_divergence_lt2_votes_returns_full_confidence" time="0.000" /><testcase classname="tests.test_behavioral_twin" name="test_divergence_agreeing_votes_keeps_weight_high" time="0.000" /><testcase classname="tests.test_behavioral_twin" name="test_divergence_disagreeing_votes_dampens" time="0.000" /><testcase classname="tests.test_behavioral_twin" name="test_divergence_floor_at_0_2" time="0.000" /><testcase classname="tests.test_behavioral_twin" name="test_fusion_is_multiplicative" time="0.000" /><testcase classname="tests.test_behavioral_twin" name="test_fusion_divergence_only_dampens_never_amplifies" time="0.000" /><testcase classname="tests.test_behavioral_twin" name="test_critical_behavioral_shift_alone_does_not_influence_dispatch" time="0.000" /><testcase classname="tests.test_behavioral_twin" name="test_critical_with_zone_risk_above_threshold_influences_dispatch" time="0.000" /><testcase classname="tests.test_behavioral_twin" name="test_non_critical_classes_never_influence_dispatch" time="0.000" /><testcase classname="tests.test_behavioral_twin" name="test_fuse_with_explanation_returns_components" time="0.000" /><testcase classname="tests.test_behavioral_twin" name="test_fuse_clamps_overflow_inputs" time="0.000" /><testcase classname="tests.test_behavioral_twin" name="test_shannon_entropy_edge_cases" time="0.000" /><testcase classname="tests.test_behavioral_twin" name="test_build_baseline_features_pure_function" time="0.000" /><testcase classname="tests.test_behavioral_twin" name="test_score_anomaly_zero_stdev_baseline_returns_baseline" time="0.000" /><testcase classname="tests.test_behavioral_twin" name="test_score_anomaly_high_deviation_classifies_above_baseline" time="0.000" /><testcase classname="tests.test_behavioral_twin" name="test_write_anomaly_rejects_out_of_taxonomy_class" time="0.002" /><testcase classname="tests.test_behavioral_twin" name="test_write_anomaly_db_failure_falls_back_to_dlq" time="0.002" /><testcase classname="tests.test_behavioral_twin" name="test_detector_has_no_update_path" time="0.000" /><testcase classname="tests.test_behavioral_twin" name="test_dlq_constants_locked" time="0.000" /><testcase classname="tests.test_behavioral_twin" name="test_dlq_append_swallows_redis_failure" time="0.000" /><testcase classname="tests.test_behavioral_twin" name="test_dlq_ledger_depth_returns_zero_on_redis_failure" time="0.000" /><testcase classname="tests.test_behavioral_twin" name="test_temporal_read_window_rejects_unknown_window" time="0.000" /><testcase classname="tests.test_behavioral_twin" name="test_temporal_windows_constants_match_spec" time="0.000" /><testcase classname="tests.test_behavioral_twin" name="test_temporal_record_event_writes_only_to_redis" time="0.000" /><testcase classname="tests.test_behavioral_twin" name="test_prewarmer_metadata_locked" time="0.000" /><testcase classname="tests.test_behavioral_twin" name="test_prewarmer_fetch_returns_none_on_db_error" time="0.073" /><testcase classname="tests.test_behavioral_twin" name="test_version_identifiers_are_present" time="0.000" /><testcase classname="tests.test_behavioral_twin" name="test_api_baseline_cold_start_shape" time="14.901" /><testcase classname="tests.test_behavioral_twin" name="test_api_baseline_invalid_uuid_rejected" time="5.060" /><testcase classname="tests.test_behavioral_twin" name="test_api_anomalies_unknown_entity_returns_empty" time="6.500" /><testcase classname="tests.test_behavioral_twin" name="test_api_metrics_returns_warmup_gated_shape" time="7.628" /><testcase classname="tests.test_behavioral_twin" name="test_api_dlq_returns_shape" time="6.549" /></testsuite></testsuites>