<?xml version="1.0" encoding="utf-8"?><testsuites name="pytest tests"><testsuite name="pytest" errors="0" failures="0" skipped="0" tests="21" time="52.113" timestamp="2026-05-13T13:57:56.235203+00:00" hostname="agent-env-ee76dea6-180f-4180-b802-1f9abbcfd0db"><testcase classname="tests.test_nisch012_motion_features_e2e.TestMotionFeaturesAuth" name="test_requires_auth_401_without_token" time="9.226" /><testcase classname="tests.test_nisch012_motion_features_e2e.TestMotionFeaturesValidation" name="test_rejects_invalid_activity_class_422" time="6.623" /><testcase classname="tests.test_nisch012_motion_features_e2e.TestMotionFeaturesValidation" name="test_rejects_batch_over_12_windows_422" time="1.481" /><testcase classname="tests.test_nisch012_motion_features_e2e.TestMotionFeaturesValidation" name="test_accepts_valid_activity_classes[stationary]" time="1.897" /><testcase classname="tests.test_nisch012_motion_features_e2e.TestMotionFeaturesValidation" name="test_accepts_valid_activity_classes[walking]" time="1.663" /><testcase classname="tests.test_nisch012_motion_features_e2e.TestMotionFeaturesValidation" name="test_accepts_valid_activity_classes[running]" time="1.743" /><testcase classname="tests.test_nisch012_motion_features_e2e.TestMotionFeaturesValidation" name="test_accepts_valid_activity_classes[vehicle]" time="1.673" /><testcase classname="tests.test_nisch012_motion_features_e2e.TestMotionFeaturesValidation" name="test_accepts_valid_activity_classes[anomalous]" time="1.698" /><testcase classname="tests.test_nisch012_motion_features_e2e.TestMotionFeaturesIdempotency" name="test_idempotency_duplicate_returns_duplicate_status" time="3.392" /><testcase classname="tests.test_nisch012_motion_features_e2e.TestMotionFeaturesHappyPath" name="test_single_window_returns_200_with_correct_shape" time="1.697" /><testcase classname="tests.test_nisch012_motion_features_e2e.TestMotionFeaturesHappyPath" name="test_response_includes_telemetry_pipeline_version" time="1.717" /><testcase classname="tests.test_nisch012_motion_features_e2e.TestMotionFeaturesHappyPath" name="test_partial_batch_returns_per_row_results" time="2.111" /><testcase classname="tests.test_nisch012_motion_features_e2e.TestTrustBadgeMotionFreshness" name="test_badge_returns_3_field_shape" time="4.253" /><testcase classname="tests.test_nisch012_motion_features_e2e.TestTrustBadgeMotionFreshness" name="test_badge_never_returns_low_for_stale_motion_alone" time="0.391" /><testcase classname="tests.test_nisch012_motion_features_e2e.TestFallDetectionRegression" name="test_fall_events_endpoint_responds" time="2.143" /><testcase classname="tests.test_nisch012_motion_features_e2e.TestFallDetectionRegression" name="test_fall_report_endpoint_responds" time="3.353" /><testcase classname="tests.test_nisch012_motion_features_e2e.TestBehavioralEndpointsRegression" name="test_baseline_endpoint_responds" time="1.689" /><testcase classname="tests.test_nisch012_motion_features_e2e.TestBehavioralEndpointsRegression" name="test_anomalies_endpoint_responds" time="1.662" /><testcase classname="tests.test_nisch012_motion_features_e2e.TestBehavioralEndpointsRegression" name="test_metrics_endpoint_responds" time="2.844" /><testcase classname="tests.test_nisch012_motion_features_e2e.TestBehavioralEndpointsRegression" name="test_dlq_endpoint_responds" time="0.632" /><testcase classname="tests.test_nisch012_motion_features_e2e.TestRiskPredictRegression" name="test_risk_predict_endpoint_responds" time="0.126" /></testsuite></testsuites>