<?xml version="1.0" encoding="utf-8"?><testsuites name="pytest tests"><testsuite name="pytest" errors="0" failures="0" skipped="0" tests="35" time="120.892" timestamp="2026-05-21T13:26:34.222077+00:00" hostname="agent-env-ee76dea6-180f-4180-b802-1f9abbcfd0db"><testcase classname="tests.test_sf01_v2_day4.TestGetDevScenarios" name="test_requires_auth_401_without_token" time="0.177" /><testcase classname="tests.test_sf01_v2_day4.TestGetDevScenarios" name="test_returns_200_for_operator" time="4.058" /><testcase classname="tests.test_sf01_v2_day4.TestGetDevScenarios" name="test_returns_200_for_admin" time="4.074" /><testcase classname="tests.test_sf01_v2_day4.TestGetDevScenarios" name="test_returns_3_scenarios" time="1.449" /><testcase classname="tests.test_sf01_v2_day4.TestGetDevScenarios" name="test_himalaya_landslide_scenario_present" time="1.433" /><testcase classname="tests.test_sf01_v2_day4.TestGetDevScenarios" name="test_urban_flood_scenario_present" time="1.453" /><testcase classname="tests.test_sf01_v2_day4.TestGetDevScenarios" name="test_cyclone_coast_scenario_present" time="1.462" /><testcase classname="tests.test_sf01_v2_day4.TestPostDevScenarioAuth" name="test_requires_auth_401_without_token" time="0.119" /><testcase classname="tests.test_sf01_v2_day4.TestPostDevScenarioValidation" name="test_unknown_scenario_returns_422" time="4.140" /><testcase classname="tests.test_sf01_v2_day4.TestPostDevScenarioValidation" name="test_nonexistent_user_id_returns_404" time="1.727" /><testcase classname="tests.test_sf01_v2_day4.TestPostDevScenarioHimalayaLandslide" name="test_himalaya_landslide_returns_200" time="9.214" /><testcase classname="tests.test_sf01_v2_day4.TestPostDevScenarioHimalayaLandslide" name="test_himalaya_landslide_composite_approx_0793" time="7.987" /><testcase classname="tests.test_sf01_v2_day4.TestPostDevScenarioHimalayaLandslide" name="test_himalaya_landslide_action_is_alert" time="8.055" /><testcase classname="tests.test_sf01_v2_day4.TestPostDevScenarioHimalayaLandslide" name="test_himalaya_landslide_env_hazard_match_true" time="7.482" /><testcase classname="tests.test_sf01_v2_day4.TestPostDevScenarioHimalayaLandslide" name="test_himalaya_landslide_env_multiplier_130" time="7.533" /><testcase classname="tests.test_sf01_v2_day4.TestPostDevScenarioHimalayaLandslide" name="test_himalaya_landslide_alert_fired_true" time="7.628" /><testcase classname="tests.test_sf01_v2_day4.TestPostDevScenarioHimalayaLandslide" name="test_himalaya_landslide_env_hazard_type_landslide" time="7.468" /><testcase classname="tests.test_sf01_v2_day4.TestPostDevScenarioHimalayaLandslide" name="test_himalaya_landslide_pre_mult_score_approx_061" time="7.602" /><testcase classname="tests.test_sf01_v2_day4.TestAlertCooldownDedup" name="test_second_fire_within_300s_shows_cooldown_suppressed" time="17.761" /><testcase classname="tests.test_sf01_v2_day4.TestDay4Constants" name="test_alert_cooldown_ttl_s_is_300" time="0.427" /><testcase classname="tests.test_sf01_v2_day4.TestDay4Constants" name="test_simultaneous_fall_voice_bonus_is_010" time="0.000" /><testcase classname="tests.test_sf01_v2_day4.TestDay4Constants" name="test_simultaneous_fall_threshold_is_05" time="0.000" /><testcase classname="tests.test_sf01_v2_day4.TestDay4Constants" name="test_simultaneous_voice_threshold_is_05" time="0.000" /><testcase classname="tests.test_sf01_v2_day4.TestSimultaneousFallVoiceBonus" name="test_bonus_fires_when_both_above_threshold" time="0.000" /><testcase classname="tests.test_sf01_v2_day4.TestSimultaneousFallVoiceBonus" name="test_bonus_does_not_fire_when_voice_below_threshold" time="0.000" /><testcase classname="tests.test_sf01_v2_day4.TestSimultaneousFallVoiceBonus" name="test_bonus_does_not_fire_when_fall_below_threshold" time="0.000" /><testcase classname="tests.test_sf01_v2_day4.TestSimultaneousFallVoiceBonus" name="test_bonus_fires_at_exact_thresholds" time="0.000" /><testcase classname="tests.test_sf01_v2_day4.TestEvaluateRiskCooldownField" name="test_compute_risk_score_signature_unchanged" time="0.000" /><testcase classname="tests.test_sf01_v2_day4.TestSignalsMotionImpersonationRegression" name="test_impersonation_unknown_user_id_returns_404" time="1.688" /><testcase classname="tests.test_sf01_v2_day4.TestSignalsMotionImpersonationRegression" name="test_impersonation_real_user_id_returns_200" time="4.334" /><testcase classname="tests.test_sf01_v2_day4.TestMotionFeaturesRegression" name="test_motion_features_returns_200" time="1.693" /><testcase classname="tests.test_sf01_v2_day4.TestCommandCenterMotionTelemetryRegression" name="test_command_center_includes_motion_telemetry" time="6.632" /><testcase classname="tests.test_sf01_v2_day4.TestEnvHazardsRegression" name="test_env_hazards_returns_200" time="1.995" /><testcase classname="tests.test_sf01_v2_day4.TestTrustBadgeRegression" name="test_trust_badge_returns_200" time="3.220" /><testcase classname="tests.test_sf01_v2_day4.TestSwallowAuditRatchet" name="test_unresolved_debt_is_1" time="0.002" /></testsuite></testsuites>