<?xml version="1.0" encoding="utf-8"?><testsuites name="pytest tests"><testsuite name="pytest" errors="0" failures="0" skipped="0" tests="61" time="70.993" timestamp="2026-05-13T12:19:35.528966+00:00" hostname="agent-env-ee76dea6-180f-4180-b802-1f9abbcfd0db"><testcase classname="tests.test_behavioral_badge" name="test_fallback_badge_is_exactly_three_fields" time="0.000" /><testcase classname="tests.test_behavioral_badge" name="test_build_badge_fallback_returns_fresh_dict" time="0.000" /><testcase classname="tests.test_behavioral_badge" name="test_color_mapping_is_deterministic" time="0.000" /><testcase classname="tests.test_behavioral_badge" name="test_unknown_level_defaults_to_yellow" time="0.000" /><testcase classname="tests.test_behavioral_badge" name="test_reason_priority_ladder_locked" time="0.000" /><testcase classname="tests.test_behavioral_badge" name="test_reason_priority_picks_highest_when_multiple" time="0.000" /><testcase classname="tests.test_behavioral_badge" name="test_reason_priority_empty_input_fails_safe" time="0.000" /><testcase classname="tests.test_behavioral_badge" name="test_reason_priority_unknown_code_fails_safe" time="0.000" /><testcase classname="tests.test_behavioral_badge" name="test_priority_ladder_covers_full_taxonomy" time="0.000" /><testcase classname="tests.test_behavioral_badge" name="test_cache_ttl_within_spec_band" time="0.000" /><testcase classname="tests.test_behavioral_badge" name="test_cache_read_returns_none_on_redis_down" time="0.071" /><testcase classname="tests.test_behavioral_badge" name="test_cache_read_returns_none_on_corrupt_payload" time="0.000" /><testcase classname="tests.test_behavioral_badge" name="test_cache_read_returns_none_on_partial_shape" time="0.000" /><testcase classname="tests.test_behavioral_badge" name="test_cache_write_swallows_redis_error" time="0.000" /><testcase classname="tests.test_behavioral_badge" name="test_badge_module_not_imported_from_dispatch_paths" time="0.005" /><testcase classname="tests.test_behavioral_badge" name="test_badge_endpoint_returns_exactly_three_fields" time="16.889" /><testcase classname="tests.test_behavioral_badge" name="test_badge_endpoint_color_consistent_with_level" time="5.138" /><testcase classname="tests.test_behavioral_badge" name="test_badge_endpoint_never_low_on_fresh_db" time="8.784" /><testcase classname="tests.test_behavioral_badge" name="test_badge_endpoint_no_raw_metrics_leak" time="4.993" /><testcase classname="tests.test_behavioral_badge" name="test_badge_endpoint_cache_path_is_cheap" time="8.814" /><testcase classname="tests.test_behavioral_badge" name="test_badge_endpoint_fallback_on_evaluator_failure" time="8.068" /><testcase classname="tests.test_behavioral_badge" name="test_emit_does_nothing_when_level_unchanged" time="0.001" /><testcase classname="tests.test_behavioral_badge" name="test_emit_skipped_when_previous_level_none" time="0.001" /><testcase classname="tests.test_behavioral_badge" name="test_emit_fires_on_transition_with_locked_shape" time="0.001" /><testcase classname="tests.test_behavioral_badge" name="test_severity_delta_signed_math" time="0.000" /><testcase classname="tests.test_behavioral_badge" name="test_emit_failure_is_silent_and_non_blocking" time="0.001" /><testcase classname="tests.test_behavioral_trust" name="test_reason_code_taxonomy_is_locked" time="0.000" /><testcase classname="tests.test_behavioral_trust" name="test_all_healthy_inputs_yield_high_trust" time="0.000" /><testcase classname="tests.test_behavioral_trust" name="test_trust_state_is_deterministic" time="0.000" /><testcase classname="tests.test_behavioral_trust" name="test_divergence_cannot_elevate_trust" time="0.000" /><testcase classname="tests.test_behavioral_trust" name="test_divergence_band_thresholds" time="0.000" /><testcase classname="tests.test_behavioral_trust" name="test_all_telemetry_unavailable_defaults_to_medium_trust" time="0.000" /><testcase classname="tests.test_behavioral_trust" name="test_partial_telemetry_gap_does_not_force_low_trust" time="0.000" /><testcase classname="tests.test_behavioral_trust" name="test_warmup_gate_enforced_before_mae_exposure" time="0.000" /><testcase classname="tests.test_behavioral_trust" name="test_warmup_satisfied_exposes_mae_signals" time="0.000" /><testcase classname="tests.test_behavioral_trust" name="test_recon_lag_above_4h_yields_low_trust" time="0.000" /><testcase classname="tests.test_behavioral_trust" name="test_recon_lag_between_1h_and_4h_yields_medium_trust" time="0.000" /><testcase classname="tests.test_behavioral_trust" name="test_dlq_spike_yields_low_trust" time="0.000" /><testcase classname="tests.test_behavioral_trust" name="test_unresolved_backlog_yields_low_trust" time="0.000" /><testcase classname="tests.test_behavioral_trust" name="test_low_precision_yields_low_trust" time="0.000" /><testcase classname="tests.test_behavioral_trust" name="test_false_escalation_spike_yields_low_trust" time="0.000" /><testcase classname="tests.test_behavioral_trust" name="test_worst_red_flag_wins" time="0.000" /><testcase classname="tests.test_behavioral_trust" name="test_reason_codes_deduped" time="0.000" /><testcase classname="tests.test_behavioral_trust" name="test_trend_improving_when_severity_drops" time="0.000" /><testcase classname="tests.test_behavioral_trust" name="test_trend_degrading_when_severity_rises" time="0.000" /><testcase classname="tests.test_behavioral_trust" name="test_trend_stable_when_unchanged" time="0.000" /><testcase classname="tests.test_behavioral_trust" name="test_trend_stable_when_previous_missing" time="0.000" /><testcase classname="tests.test_behavioral_trust" name="test_dispatch_unaffected_by_trust_tile" time="0.000" /><testcase classname="tests.test_behavioral_trust" name="test_trust_endpoint_failure_does_not_propagate_to_dispatch" time="0.000" /><testcase classname="tests.test_behavioral_trust" name="test_dlq_signal_in_trust_evaluator_when_redis_unavailable" time="0.000" /><testcase classname="tests.test_behavioral_trust" name="test_api_trust_returns_stable_shape" time="8.113" /><testcase classname="tests.test_behavioral_trust" name="test_api_trust_never_returns_low_on_fresh_db" time="8.088" /><testcase classname="tests.test_swallow_audit" name="test_no_unsanctioned_insert_swallowers" time="0.701" /><testcase classname="tests.test_swallow_audit" name="test_ratchet_enforced_against_unresolved_debt" time="0.000" /><testcase classname="tests.test_swallow_audit" name="test_allow_list_entries_must_have_reasons" time="0.000" /><testcase classname="tests.test_swallow_audit" name="test_allow_list_entries_have_valid_categories" time="0.000" /><testcase classname="tests.test_swallow_audit" name="test_compensating_action_entries_have_real_reference" time="0.001" /><testcase classname="tests.test_swallow_audit" name="test_allow_list_entries_match_real_findings" time="0.706" /><testcase classname="tests.test_swallow_audit" name="test_audited_modules_actually_get_scanned[app/services/alert_trigger.py]" time="0.000" /><testcase classname="tests.test_swallow_audit" name="test_audited_modules_actually_get_scanned[app/services/auto_escalation_engine.py]" time="0.000" /><testcase classname="tests.test_swallow_audit" name="test_audited_modules_actually_get_scanned[app/services/voice_distress_service.py]" time="0.000" /></testsuite></testsuites>