<?xml version="1.0" encoding="utf-8"?><testsuites name="pytest tests"><testsuite name="pytest" errors="0" failures="0" skipped="0" tests="42" time="87.355" timestamp="2026-05-21T12:13:24.843102+00:00" hostname="agent-env-ee76dea6-180f-4180-b802-1f9abbcfd0db"><testcase classname="tests.test_nisch013_live_activity_chip_e2e.TestCommandCenterMotionTelemetrySlot" name="test_endpoint_includes_motion_telemetry_key" time="13.653" /><testcase classname="tests.test_nisch013_live_activity_chip_e2e.TestCommandCenterMotionTelemetrySlot" name="test_motion_telemetry_shape_when_unavailable" time="6.550" /><testcase classname="tests.test_nisch013_live_activity_chip_e2e.TestCommandCenterMotionTelemetrySlot" name="test_motion_telemetry_has_required_fields" time="9.533" /><testcase classname="tests.test_nisch013_live_activity_chip_e2e.TestUnifiedEndpointContractPreserved" name="test_all_prior_keys_present" time="6.769" /><testcase classname="tests.test_nisch013_live_activity_chip_e2e.TestUnifiedEndpointContractPreserved" name="test_environment_still_has_weather" time="9.755" /><testcase classname="tests.test_nisch013_live_activity_chip_e2e.TestUnifiedEndpointContractPreserved" name="test_digital_twin_still_has_live_deviation" time="6.591" /><testcase classname="tests.test_nisch013_live_activity_chip_e2e.TestMotionIngestRegression" name="test_motion_ingest_requires_auth" time="0.136" /><testcase classname="tests.test_nisch013_live_activity_chip_e2e.TestMotionIngestRegression" name="test_motion_ingest_validates_activity_class" time="1.436" /><testcase classname="tests.test_nisch013_live_activity_chip_e2e.TestMotionIngestRegression" name="test_motion_ingest_happy_path" time="1.910" /><testcase classname="tests.test_nisch013_live_activity_chip_e2e.TestMotionIngestRegression" name="test_motion_ingest_idempotency" time="3.780" /><testcase classname="tests.test_nisch013_live_activity_chip_e2e.TestTrustBadgeRegression" name="test_trust_badge_endpoint_responds" time="3.229" /><testcase classname="tests.test_nisch013_live_activity_chip_e2e.TestTrustBadgeRegression" name="test_trust_badge_level_is_valid" time="0.394" /><testcase classname="tests.test_nisch013_live_activity_chip_e2e.TestMotionTelemetryFreshnessBands" name="test_fresh_motion_window_shows_live_status" time="8.386" /><testcase classname="tests.test_nisch013_live_activity_chip_e2e.TestOperatorAccess" name="test_operator_can_access_command_center" time="12.023" /><testcase classname="tests.test_nisch013_live_activity_chip_e2e.TestBandAlignmentWithTrustEvaluator" name="test_recent_boundary_matches_trust_constant" time="0.000" /><testcase classname="tests.test_nisch013_live_activity_chip_e2e.TestBandAlignmentWithTrustEvaluator" name="test_live_boundary_is_60_seconds" time="0.000" /><testcase classname="tests.test_nisch013_live_activity_chip_e2e.TestBandAlignmentWithTrustEvaluator" name="test_fresh_boundary_is_300_seconds" time="0.000" /><testcase classname="tests.test_nisch013_live_activity_chip_e2e.TestBandAlignmentWithTrustEvaluator" name="test_recent_boundary_is_1800_seconds" time="0.000" /><testcase classname="tests.test_nisch013_live_activity_chip_e2e.TestHelperIsReadOnly" name="test_helper_has_no_write_operations" time="0.003" /><testcase classname="tests.test_live_activity_chip" name="test_status_band_unavailable_when_no_freshness" time="0.000" /><testcase classname="tests.test_live_activity_chip" name="test_status_band_live_at_zero" time="0.000" /><testcase classname="tests.test_live_activity_chip" name="test_status_band_live_at_upper_edge" time="0.000" /><testcase classname="tests.test_live_activity_chip" name="test_status_band_fresh_above_live_boundary" time="0.000" /><testcase classname="tests.test_live_activity_chip" name="test_status_band_fresh_at_upper_edge" time="0.000" /><testcase classname="tests.test_live_activity_chip" name="test_status_band_recent_above_fresh_boundary" time="0.000" /><testcase classname="tests.test_live_activity_chip" name="test_status_band_recent_at_upper_edge" time="0.000" /><testcase classname="tests.test_live_activity_chip" name="test_status_band_stale_above_recent_boundary" time="0.000" /><testcase classname="tests.test_live_activity_chip" name="test_status_band_stale_extreme_value" time="0.000" /><testcase classname="tests.test_live_activity_chip" name="test_band_thresholds_match_trust_evaluator" time="0.000" /><testcase classname="tests.test_live_activity_chip" name="test_helper_signature_uses_only_now_and_session" time="0.000" /><testcase classname="tests.test_live_activity_chip" name="test_helper_returns_unavailable_shape_on_no_rows" time="0.001" /><testcase classname="tests.test_live_activity_chip" name="test_helper_classifies_live_when_window_is_fresh" time="0.001" /><testcase classname="tests.test_live_activity_chip" name="test_helper_classifies_stale_when_window_is_old" time="0.001" /><testcase classname="tests.test_swallow_audit" name="test_no_unsanctioned_insert_swallowers" time="0.718" /><testcase classname="tests.test_swallow_audit" name="test_ratchet_enforced_against_unresolved_debt" time="0.000" /><testcase classname="tests.test_swallow_audit" name="test_allow_list_entries_must_have_reasons" time="0.000" /><testcase classname="tests.test_swallow_audit" name="test_allow_list_entries_have_valid_categories" time="0.000" /><testcase classname="tests.test_swallow_audit" name="test_compensating_action_entries_have_real_reference" time="0.000" /><testcase classname="tests.test_swallow_audit" name="test_allow_list_entries_match_real_findings" time="0.716" /><testcase classname="tests.test_swallow_audit" name="test_audited_modules_actually_get_scanned[app/services/alert_trigger.py]" time="0.001" /><testcase classname="tests.test_swallow_audit" name="test_audited_modules_actually_get_scanned[app/services/auto_escalation_engine.py]" time="0.000" /><testcase classname="tests.test_swallow_audit" name="test_audited_modules_actually_get_scanned[app/services/voice_distress_service.py]" time="0.001" /></testsuite></testsuites>