<?xml version="1.0" encoding="utf-8"?><testsuites name="pytest tests"><testsuite name="pytest" errors="0" failures="0" skipped="0" tests="15" time="53.246" timestamp="2026-05-13T13:58:58.525345+00:00" hostname="agent-env-ee76dea6-180f-4180-b802-1f9abbcfd0db"><testcase classname="tests.test_motion_features" name="test_activity_class_taxonomy_locked" time="0.001" /><testcase classname="tests.test_motion_features" name="test_telemetry_pipeline_version_present" time="0.000" /><testcase classname="tests.test_motion_features" name="test_motion_freshness_within_threshold_keeps_high_trust" time="0.000" /><testcase classname="tests.test_motion_features" name="test_motion_freshness_at_or_above_threshold_drops_to_medium" time="0.000" /><testcase classname="tests.test_motion_features" name="test_motion_freshness_extreme_value_still_only_medium" time="0.000" /><testcase classname="tests.test_motion_features" name="test_motion_freshness_none_is_treated_as_unavailable" time="0.000" /><testcase classname="tests.test_motion_features" name="test_motion_stale_in_reason_priority_ladder" time="0.000" /><testcase classname="tests.test_motion_features" name="test_motion_stale_outranks_warmup_but_not_unresolved_backlog" time="0.000" /><testcase classname="tests.test_motion_features" name="test_badge_picker_surfaces_motion_when_present" time="0.000" /><testcase classname="tests.test_motion_features" name="test_motion_features_requires_auth" time="11.766" /><testcase classname="tests.test_motion_features" name="test_motion_features_rejects_bogus_activity_class" time="11.363" /><testcase classname="tests.test_motion_features" name="test_motion_features_idempotency" time="10.991" /><testcase classname="tests.test_motion_features" name="test_motion_features_response_includes_pipeline_version" time="9.587" /><testcase classname="tests.test_motion_features" name="test_motion_features_batch_size_capped" time="8.986" /><testcase classname="tests.test_motion_features" name="test_baseline_motion_enrichment_additive" time="0.010" /></testsuite></testsuites>