<?xml version="1.0" encoding="utf-8"?><testsuites name="pytest tests"><testsuite name="pytest" errors="0" failures="0" skipped="0" tests="39" time="9.249" timestamp="2026-05-13T07:16:12.550829+00:00" hostname="agent-env-ee76dea6-180f-4180-b802-1f9abbcfd0db"><testcase classname="tests.test_risk_prediction" name="test_ewma_cold_start_is_zero_confidence" time="0.000" /><testcase classname="tests.test_risk_prediction" name="test_ewma_recency_weighted" time="0.000" /><testcase classname="tests.test_risk_prediction" name="test_ewma_clamps_at_one" time="0.001" /><testcase classname="tests.test_risk_prediction" name="test_bayesian_rising_trend_lifts_score" time="0.000" /><testcase classname="tests.test_risk_prediction" name="test_bayesian_falling_trend_drops_score" time="0.000" /><testcase classname="tests.test_risk_prediction" name="test_bayesian_too_short_returns_cold_start" time="0.000" /><testcase classname="tests.test_risk_prediction" name="test_prophet_unavailable_contract" time="0.000" /><testcase classname="tests.test_risk_prediction" name="test_blend_skips_zero_confidence_votes" time="0.001" /><testcase classname="tests.test_risk_prediction" name="test_blend_no_confident_vote_sentinel" time="0.000" /><testcase classname="tests.test_risk_prediction" name="test_classify_critical_escalation_wins_over_volatile" time="0.001" /><testcase classname="tests.test_risk_prediction" name="test_classify_volatile_wins_over_rising" time="0.000" /><testcase classname="tests.test_risk_prediction" name="test_classify_rising_when_slope_above_threshold" time="0.000" /><testcase classname="tests.test_risk_prediction" name="test_classify_stable_default" time="0.000" /><testcase classname="tests.test_risk_prediction" name="test_feature_hash_is_deterministic" time="0.000" /><testcase classname="tests.test_risk_prediction" name="test_feature_hash_changes_with_inputs" time="0.001" /><testcase classname="tests.test_risk_prediction" name="test_compute_outcome_zero_signals" time="0.001" /><testcase classname="tests.test_risk_prediction" name="test_compute_outcome_maxed_signals" time="0.000" /><testcase classname="tests.test_risk_prediction" name="test_compute_outcome_clamped_to_unit_interval" time="0.000" /><testcase classname="tests.test_risk_prediction" name="test_compute_outcome_weights_match_locked_coefficients" time="0.000" /><testcase classname="tests.test_risk_prediction" name="test_prewarmer_metadata_locked" time="0.000" /><testcase classname="tests.test_risk_prediction" name="test_prewarmer_fetch_returns_none_on_db_error" time="0.031" /><testcase classname="tests.test_risk_prediction" name="test_version_identifiers_are_present" time="0.000" /><testcase classname="tests.test_risk_prediction" name="test_predict_deferred_shape_on_cold_start" time="0.002" /><testcase classname="tests.test_risk_prediction" name="test_predict_ok_shape_on_rich_history" time="0.002" /><testcase classname="tests.test_risk_prediction" name="test_predict_rising_history_classifies_as_rising_or_volatile" time="0.001" /><testcase classname="tests.test_risk_prediction" name="test_predict_invalid_window_raises" time="0.000" /><testcase classname="tests.test_risk_prediction" name="test_api_predict_endpoint_returns_stable_shape" time="2.646" /><testcase classname="tests.test_risk_prediction" name="test_api_route_endpoint_is_phase2_stub" time="0.141" /><testcase classname="tests.test_risk_prediction" name="test_api_predict_invalid_zone_uuid_rejected" time="0.005" /><testcase classname="tests.test_risk_prediction" name="test_api_accuracy_endpoint_returns_zero_when_no_predictions" time="4.454" /><testcase classname="tests.test_swallow_audit" name="test_no_unsanctioned_insert_swallowers" time="0.645" /><testcase classname="tests.test_swallow_audit" name="test_ratchet_enforced_against_unresolved_debt" time="0.000" /><testcase classname="tests.test_swallow_audit" name="test_allow_list_entries_must_have_reasons" time="0.000" /><testcase classname="tests.test_swallow_audit" name="test_allow_list_entries_have_valid_categories" time="0.000" /><testcase classname="tests.test_swallow_audit" name="test_compensating_action_entries_have_real_reference" time="0.000" /><testcase classname="tests.test_swallow_audit" name="test_allow_list_entries_match_real_findings" time="0.639" /><testcase classname="tests.test_swallow_audit" name="test_audited_modules_actually_get_scanned[app/services/alert_trigger.py]" time="0.000" /><testcase classname="tests.test_swallow_audit" name="test_audited_modules_actually_get_scanned[app/services/auto_escalation_engine.py]" time="0.000" /><testcase classname="tests.test_swallow_audit" name="test_audited_modules_actually_get_scanned[app/services/voice_distress_service.py]" time="0.000" /></testsuite></testsuites>