<?xml version="1.0" encoding="utf-8"?><testsuites name="pytest tests"><testsuite name="pytest" errors="0" failures="0" skipped="0" tests="9" time="1.352" timestamp="2026-05-13T13:59:58.236113+00:00" hostname="agent-env-ee76dea6-180f-4180-b802-1f9abbcfd0db"><testcase classname="tests.test_swallow_audit" name="test_no_unsanctioned_insert_swallowers" time="0.724" /><testcase classname="tests.test_swallow_audit" name="test_ratchet_enforced_against_unresolved_debt" time="0.000" /><testcase classname="tests.test_swallow_audit" name="test_allow_list_entries_must_have_reasons" time="0.000" /><testcase classname="tests.test_swallow_audit" name="test_allow_list_entries_have_valid_categories" time="0.000" /><testcase classname="tests.test_swallow_audit" name="test_compensating_action_entries_have_real_reference" time="0.000" /><testcase classname="tests.test_swallow_audit" name="test_allow_list_entries_match_real_findings" time="0.598" /><testcase classname="tests.test_swallow_audit" name="test_audited_modules_actually_get_scanned[app/services/alert_trigger.py]" time="0.000" /><testcase classname="tests.test_swallow_audit" name="test_audited_modules_actually_get_scanned[app/services/auto_escalation_engine.py]" time="0.000" /><testcase classname="tests.test_swallow_audit" name="test_audited_modules_actually_get_scanned[app/services/voice_distress_service.py]" time="0.000" /></testsuite></testsuites>