<?xml version="1.0" encoding="utf-8"?><testsuites name="pytest tests"><testsuite name="pytest" errors="0" failures="0" skipped="0" tests="12" time="78.797" timestamp="2026-06-01T04:12:33.619080+00:00" hostname="agent-env-ee76dea6-180f-4180-b802-1f9abbcfd0db"><testcase classname="tests.test_latency_hotspots_chip.TestLatencyEndpointAuth" name="test_latency_endpoint_rejects_unauthenticated" time="12.595" /><testcase classname="tests.test_latency_hotspots_chip.TestLatencyEndpointAuth" name="test_latency_endpoint_works_with_operator" time="19.219" /><testcase classname="tests.test_latency_hotspots_chip.TestLatencyEndpointAuth" name="test_latency_endpoint_works_with_admin" time="14.969" /><testcase classname="tests.test_latency_hotspots_chip.TestLatencyEndpointAuth" name="test_latency_reset_rejects_operator" time="0.783" /><testcase classname="tests.test_latency_hotspots_chip.TestLatencyEndpointAuth" name="test_latency_reset_works_with_admin" time="1.843" /><testcase classname="tests.test_latency_hotspots_chip.TestLatencyResponseStructure" name="test_response_contains_required_fields" time="6.037" /><testcase classname="tests.test_latency_hotspots_chip.TestLatencyResponseStructure" name="test_endpoint_structure" time="2.942" /><testcase classname="tests.test_latency_hotspots_chip.TestLatencyResponseStructure" name="test_endpoints_sorted_by_p95_desc" time="2.531" /><testcase classname="tests.test_latency_hotspots_chip.TestLatencyResponseStructure" name="test_top_n_parameter" time="2.955" /><testcase classname="tests.test_latency_hotspots_chip.TestLatencyColorThresholds" name="test_p95_values_for_color_coding" time="6.597" /><testcase classname="tests.test_latency_hotspots_chip.TestLatencyColorThresholds" name="test_no_samples_returns_null_p95" time="2.521" /><testcase classname="tests.test_latency_hotspots_chip.TestLatencyResetEndpoint" name="test_reset_returns_correct_structure" time="5.731" /></testsuite></testsuites>